<?xml version="1.0" encoding="UTF-8" ?>
<testsuite tests="1" failures="0" name="com.api.testing.junit.postsdetails.GetPostsTest" time="0.019" errors="1" skipped="0">
  <properties>
    <property name="java.vendor" value="Eclipse OpenJ9"/>
    <property name="sun.java.launcher" value="SUN_STANDARD"/>
    <property name="os.name" value="Windows 10"/>
    <property name="sun.boot.class.path" value="C:\Program Files\AdoptOpenJDK\jdk-8.0.202.08\jre\lib\rt.jar;C:\Program Files\AdoptOpenJDK\jdk-8.0.202.08\jre\lib\resources.jar;C:\Program Files\AdoptOpenJDK\jdk-8.0.202.08\jre\lib\jsse.jar;C:\Program Files\AdoptOpenJDK\jdk-8.0.202.08\jre\lib\charsets.jar;C:\Program Files\AdoptOpenJDK\jdk-8.0.202.08\jre\lib\jce.jar;C:\Program Files\AdoptOpenJDK\jdk-8.0.202.08\lib\tools.jar"/>
    <property name="sun.desktop" value="windows"/>
    <property name="java.vm.specification.vendor" value="Oracle Corporation"/>
    <property name="java.runtime.version" value="1.8.0_202-b08"/>
    <property name="user.name" value="Bharti01"/>
    <property name="java.compiler" value="j9jit29"/>
    <property name="os.encoding" value="UTF8"/>
    <property name="guice.disable.misplaced.annotation.check" value="true"/>
    <property name="com.ibm.util.extralibs.properties" value=""/>
    <property name="com.ibm.jcl.checkClassPath" value=""/>
    <property name="user.language" value="en"/>
    <property name="com.ibm.oti.vm.bootstrap.library.path" value="C:\Program Files\AdoptOpenJDK\jdk-8.0.202.08\jre\bin\compressedrefs;C:\Program Files\AdoptOpenJDK\jdk-8.0.202.08\jre\bin"/>
    <property name="sun.boot.library.path" value="C:\Program Files\AdoptOpenJDK\jdk-8.0.202.08\jre\bin\compressedrefs;C:\Program Files\AdoptOpenJDK\jdk-8.0.202.08\jre\bin"/>
    <property name="classworlds.conf" value="C:\Users\bharti01\eclipse-workspace\.metadata\.plugins\org.eclipse.m2e.launching\launches\m2conf6303185277755333614.tmp"/>
    <property name="jdk.extensions.version" value="8.0.202.1"/>
    <property name="java.version" value="1.8.0_202"/>
    <property name="user.timezone" value="Europe/Paris"/>
    <property name="com.ibm.system.agent.path" value="C:\Program Files\AdoptOpenJDK\jdk-8.0.202.08\jre\bin"/>
    <property name="sun.arch.data.model" value="64"/>
    <property name="com.ibm.zero.version" value="2"/>
    <property name="java.endorsed.dirs" value="C:\Program Files\AdoptOpenJDK\jdk-8.0.202.08\jre\lib\endorsed"/>
    <property name="com.ibm.oti.vm.library.version" value="29"/>
    <property name="sun.jnu.encoding" value="Cp1252"/>
    <property name="file.encoding.pkg" value="sun.io"/>
    <property name="file.separator" value="\"/>
    <property name="java.specification.name" value="Java Platform API Specification"/>
    <property name="java.class.version" value="52.0"/>
    <property name="user.country" value="US"/>
    <property name="java.home" value="C:\Program Files\AdoptOpenJDK\jdk-8.0.202.08\jre"/>
    <property name="java.vm.info" value="JRE 1.8.0 Windows 10 amd64-64-Bit Compressed References 20190205_265 (JIT enabled, AOT enabled)
OpenJ9   - 90dd8cb40
OMR      - d2f4534b
JCL      - d002501a90 based on jdk8u202-b08"/>
    <property name="os.version" value="10.0"/>
    <property name="java.awt.fonts" value=""/>
    <property name="path.separator" value=";"/>
    <property name="java.vm.version" value="openj9-0.12.1"/>
    <property name="user.variant" value=""/>
    <property name="java.awt.printerjob" value="sun.awt.windows.WPrinterJob"/>
    <property name="jdk.extensions.name" value="Extensions for OpenJDK for Eclipse OpenJ9"/>
    <property name="sun.io.unicode.encoding" value="UnicodeLittle"/>
    <property name="awt.toolkit" value="sun.awt.windows.WToolkit"/>
    <property name="ibm.signalhandling.sigint" value="true"/>
    <property name="user.home" value="C:\Users\bharti01"/>
    <property name="com.ibm.cpu.endian" value="little"/>
    <property name="java.specification.vendor" value="Oracle Corporation"/>
    <property name="ibm.signalhandling.sigchain" value="true"/>
    <property name="java.library.path" value="C:\Program Files\AdoptOpenJDK\jdk-8.0.202.08\jre\bin\compressedrefs;C:\Program Files\AdoptOpenJDK\jdk-8.0.202.08\jre\bin;C:\windows\system32;C:\windows;C:/Program Files/AdoptOpenJDK/jre-8.0.202.08/bin/j9vm;C:/Program Files/AdoptOpenJDK/jre-8.0.202.08/bin;C:/Program Files/AdoptOpenJDK/jre-8.0.202.08/lib/amd64;C:\Program Files\AdoptOpenJDK\jre-8.0.202.08\bin;C:\Program Files\AdoptOpenJDK\jdk-8.0.202.08\bin;C:\ProgramData\Oracle\Java\javapath;C:\windows\system32;C:\windows;C:\windows\System32\Wbem;C:\windows\System32\WindowsPowerShell\v1.0\;C:\JMeter\bin;C:\Program Files\Zulu\zulu-11\\bin;C:\Program Files\Java\jdk-12\bin;C:\Gradle\gradle-4.10.2\bin;C:\Program Files (x86)\Yarn\bin\;C:\Windows\System32;C:\curl-7.70.0-win64-mingw\bin;C:\;C:\Program Files\PuTTY\;C:\Program Files\Zulu\zulu-11\bin\;C:\Program Files\Zulu\zulu-11-jre\bin\;C:\Program Files\Git\cmd;C:\Program Files\nodejs\;C:\Users\bharti01\AppData\Local\Microsoft\WindowsApps;C:\Users\bharti01\AppData\Roaming\npm;C:\Users\bharti01\AppData\Local\Yarn\bin;C:\Users\bharti01\AppData\Local\Keybase\;C:\Users\bharti01\Downloads\eclipse;;."/>
    <property name="java.vendor.url" value="http://www.eclipse.org/openj9"/>
    <property name="java.vm.vendor" value="Eclipse OpenJ9"/>
    <property name="java.fullversion" value="1.8.0_202-b08
JRE 1.8.0 Windows 10 amd64-64-Bit Compressed References 20190205_265 (JIT enabled, AOT enabled)
OpenJ9   - 90dd8cb40
OMR      - d2f4534b
JCL      - d002501a90 based on jdk8u202-b08"/>
    <property name="maven.home" value="C:\Users\bharti01\eclipse-workspace\api_qa_automation\EMBEDDED"/>
    <property name="java.runtime.name" value="OpenJDK Runtime Environment"/>
    <property name="sun.java.command" value="org.codehaus.plexus.classworlds.launcher.Launcher -B clean verify -Dtags=userfeature:NEGATIVE,userfeature:SMOKE serenity:aggregate"/>
    <property name="java.class.path" value="C:\Users\bharti01\Downloads\eclipse\plugins\org.eclipse.m2e.maven.runtime_1.8.3.20180227-2135\jars\plexus-classworlds-2.5.2.jar"/>
    <property name="tags" value="userfeature:NEGATIVE,userfeature:SMOKE"/>
    <property name="java.vm.specification.name" value="Java Virtual Machine Specification"/>
    <property name="java.vm.specification.version" value="1.8"/>
    <property name="sun.cpu.endian" value="little"/>
    <property name="java.io.tmpdir" value="C:\Users\bharti01\AppData\Local\Temp\"/>
    <property name="maven.multiModuleProjectDirectory" value="C:\Users\bharti01\eclipse-workspace\api_qa_automation"/>
    <property name="ibm.system.encoding" value="Cp1252"/>
    <property name="os.arch" value="amd64"/>
    <property name="java.awt.graphicsenv" value="sun.awt.Win32GraphicsEnvironment"/>
    <property name="ibm.signalhandling.rs" value="false"/>
    <property name="java.ext.dirs" value="C:\Program Files\AdoptOpenJDK\jdk-8.0.202.08\jre\lib\ext"/>
    <property name="user.dir" value="C:\Users\bharti01\eclipse-workspace\api_qa_automation"/>
    <property name="line.separator" value="
"/>
    <property name="java.vm.name" value="Eclipse OpenJ9 VM"/>
    <property name="com.ibm.oti.shared.enabled" value="false"/>
    <property name="com.ibm.vm.bitmode" value="64"/>
    <property name="file.encoding" value="Cp1252"/>
    <property name="com.ibm.oti.configuration" value="scar"/>
    <property name="java.specification.version" value="1.8"/>
  </properties>
  <testcase classname="com.api.testing.junit.postsdetails.GetPostsTest" name="initializationError" time="0.019">
    <error message="No runnable methods" type="java.lang.Exception">java.lang.Exception: No runnable methods
	at org.junit.runners.BlockJUnit4ClassRunner.validateInstanceMethods(BlockJUnit4ClassRunner.java:191)
	at org.junit.runners.BlockJUnit4ClassRunner.collectInitializationErrors(BlockJUnit4ClassRunner.java:128)
	at org.junit.runners.ParentRunner.validate(ParentRunner.java:416)
	at org.junit.runners.ParentRunner.&lt;init&gt;(ParentRunner.java:84)
	at org.junit.runners.BlockJUnit4ClassRunner.&lt;init&gt;(BlockJUnit4ClassRunner.java:65)
	at net.serenitybdd.junit.runners.SerenityRunner.&lt;init&gt;(SerenityRunner.java:162)
	at net.serenitybdd.junit.runners.SerenityRunner.&lt;init&gt;(SerenityRunner.java:118)
	at net.serenitybdd.junit.runners.SerenityRunner.&lt;init&gt;(SerenityRunner.java:102)
	at sun.reflect.NativeConstructorAccessorImpl.newInstance0(Native Method)
	at sun.reflect.NativeConstructorAccessorImpl.newInstance(NativeConstructorAccessorImpl.java:62)
	at sun.reflect.DelegatingConstructorAccessorImpl.newInstance(DelegatingConstructorAccessorImpl.java:45)
	at java.lang.reflect.Constructor.newInstance(Constructor.java:423)
	at org.junit.internal.builders.AnnotatedBuilder.buildRunner(AnnotatedBuilder.java:104)
	at org.junit.internal.builders.AnnotatedBuilder.runnerForClass(AnnotatedBuilder.java:86)
	at org.junit.runners.model.RunnerBuilder.safeRunnerForClass(RunnerBuilder.java:59)
	at org.junit.internal.builders.AllDefaultPossibilitiesBuilder.runnerForClass(AllDefaultPossibilitiesBuilder.java:26)
	at org.junit.runners.model.RunnerBuilder.safeRunnerForClass(RunnerBuilder.java:59)
	at org.junit.internal.requests.ClassRequest.getRunner(ClassRequest.java:33)
	at org.apache.maven.surefire.junit4.JUnit4Provider.execute(JUnit4Provider.java:250)
	at org.apache.maven.surefire.junit4.JUnit4Provider.executeTestSet(JUnit4Provider.java:141)
	at org.apache.maven.surefire.junit4.JUnit4Provider.invoke(JUnit4Provider.java:112)
	at sun.reflect.NativeMethodAccessorImpl.invoke0(Native Method)
	at sun.reflect.NativeMethodAccessorImpl.invoke(NativeMethodAccessorImpl.java:62)
	at sun.reflect.DelegatingMethodAccessorImpl.invoke(DelegatingMethodAccessorImpl.java:43)
	at java.lang.reflect.Method.invoke(Method.java:498)
	at org.apache.maven.surefire.util.ReflectionUtils.invokeMethodWithArray(ReflectionUtils.java:189)
	at org.apache.maven.surefire.booter.ProviderFactory$ProviderProxy.invoke(ProviderFactory.java:165)
	at org.apache.maven.surefire.booter.ProviderFactory.invokeProvider(ProviderFactory.java:85)
	at org.apache.maven.surefire.booter.ForkedBooter.runSuitesInProcess(ForkedBooter.java:115)
	at org.apache.maven.surefire.booter.ForkedBooter.main(ForkedBooter.java:75)
</error>
  </testcase>
</testsuite>